<?xml version="1.0" encoding="utf-8"?><testsuites name="pytest tests"><testsuite name="pytest" errors="0" failures="0" skipped="0" tests="6" time="5.221" timestamp="2026-06-15T07:56:59.094278+00:00" hostname="agent-env-e89a6871-c299-4ffd-92e3-a0435e5886d2"><testcase classname="tests.test_iteration2.TestDateGivenMonthKey" name="test_entry_month_key_uses_date_given" time="1.357" /><testcase classname="tests.test_iteration2.TestDateGivenMonthKey" name="test_entry_defaults_to_current_month_when_no_date_given" time="0.295" /><testcase classname="tests.test_iteration2.TestClientIdIntegrity" name="test_entry_goes_to_specified_client_not_signed_up" time="0.778" /><testcase classname="tests.test_iteration2.TestClientIdIntegrity" name="test_entry_stays_with_original_client_after_other_signs_up" time="0.814" /><testcase classname="tests.test_iteration2.TestEntriesReturnAllStatuses" name="test_iron_man_get_entries_returns_pending_and_returned" time="0.857" /><testcase classname="tests.test_iteration2.TestLinkedUserPropagation" name="test_entry_carries_linked_user_id_when_client_already_signed_up" time="1.081" /></testsuite></testsuites>