<?xml version="1.0" encoding="utf-8"?><testsuites name="pytest tests"><testsuite name="pytest" errors="0" failures="0" skipped="0" tests="39" time="46.084" timestamp="2026-06-15T08:34:57.436046+00:00" hostname="agent-env-e89a6871-c299-4ffd-92e3-a0435e5886d2"><testcase classname="tests.test_auth" name="test_health" time="0.130" /><testcase classname="tests.test_auth" name="test_signup_iron_man_idempotent_or_login" time="0.403" /><testcase classname="tests.test_auth" name="test_signup_client_idempotent_or_login" time="0.397" /><testcase classname="tests.test_auth" name="test_signup_duplicate_phone_400" time="0.089" /><testcase classname="tests.test_auth" name="test_login_wrong_password_401" time="0.333" /><testcase classname="tests.test_auth" name="test_login_correct_returns_token_and_user" time="0.315" /><testcase classname="tests.test_auth" name="test_get_me_with_bearer" time="0.101" /><testcase classname="tests.test_auth" name="test_get_me_without_token_401" time="0.092" /><testcase classname="tests.test_auth" name="test_autolink_client_on_signup" time="0.482" /><testcase classname="tests.test_flows.TestClients" name="test_client_role_cannot_list_clients_403" time="0.094" /><testcase classname="tests.test_flows.TestClients" name="test_iron_can_list_clients" time="0.102" /><testcase classname="tests.test_flows.TestClients" name="test_add_client_links_to_existing_client_user" time="0.194" /><testcase classname="tests.test_flows.TestClients" name="test_add_client_duplicate_400" time="0.186" /><testcase classname="tests.test_flows.TestEntriesBillsReports" name="test_create_entry_totals_and_status_pending" time="0.258" /><testcase classname="tests.test_flows.TestEntriesBillsReports" name="test_mark_returned_sets_date_and_status" time="0.231" /><testcase classname="tests.test_flows.TestEntriesBillsReports" name="test_bills_generate_aggregation_and_paid" time="0.395" /><testcase classname="tests.test_flows.TestEntriesBillsReports" name="test_reports_iron" time="0.223" /><testcase classname="tests.test_flows.TestClientSide" name="test_client_sees_entries_via_linked_user_id" time="0.173" /><testcase classname="tests.test_flows.TestClientSide" name="test_my_iron_men" time="0.093" /><testcase classname="tests.test_flows.TestSubscription" name="test_plans" time="0.100" /><testcase classname="tests.test_flows.TestSubscription" name="test_activate_for_iron" time="0.141" /><testcase classname="tests.test_flows.TestSubscription" name="test_activate_wrong_plan_400" time="0.096" /><testcase classname="tests.test_iteration2.TestDateGivenMonthKey" name="test_entry_month_key_uses_date_given" time="0.717" /><testcase classname="tests.test_iteration2.TestDateGivenMonthKey" name="test_entry_defaults_to_current_month_when_no_date_given" time="0.291" /><testcase classname="tests.test_iteration2.TestClientIdIntegrity" name="test_entry_goes_to_specified_client_not_signed_up" time="0.768" /><testcase classname="tests.test_iteration2.TestClientIdIntegrity" name="test_entry_stays_with_original_client_after_other_signs_up" time="0.808" /><testcase classname="tests.test_iteration2.TestEntriesReturnAllStatuses" name="test_iron_man_get_entries_returns_pending_and_returned" time="0.791" /><testcase classname="tests.test_iteration2.TestLinkedUserPropagation" name="test_entry_carries_linked_user_id_when_client_already_signed_up" time="0.671" /><testcase classname="tests.test_iteration3.TestTrial45Days" name="test_signup_trial_is_45_days_iron_man" time="0.315" /><testcase classname="tests.test_iteration3.TestTrial45Days" name="test_signup_trial_is_45_days_client" time="0.320" /><testcase classname="tests.test_iteration3.TestTrial45Days" name="test_subscription_plans_trial_days_45" time="0.097" /><testcase classname="tests.test_iteration3.TestCarryForwardPartial" name="test_partial_payment_carries_to_next_month" time="1.095" /><testcase classname="tests.test_iteration3.TestCarryForwardOverpaid" name="test_overpayment_credits_next_month" time="0.802" /><testcase classname="tests.test_iteration3.TestMultiplePayments" name="test_two_partial_payments_settle_bill" time="0.839" /><testcase classname="tests.test_iteration3.TestDeletePayment" name="test_delete_payment_recomputes_bill" time="0.899" /><testcase classname="tests.test_iteration3.TestLegacyMarkPaid" name="test_mark_paid_true_then_false" time="0.869" /><testcase classname="tests.test_iteration3.TestClientVisibilityAndAuth" name="test_linked_client_can_read_bill_and_payments" time="15.710" /><testcase classname="tests.test_iteration3.TestClientVisibilityAndAuth" name="test_client_cannot_create_payment" time="0.496" /><testcase classname="tests.test_iteration3.TestClientVisibilityAndAuth" name="test_client_cannot_delete_payment" time="15.838" /></testsuite></testsuites>