<?xml version="1.0" encoding="utf-8"?><testsuites name="pytest tests"><testsuite name="pytest" errors="0" failures="0" skipped="0" tests="14" time="5.761" timestamp="2026-06-15T09:32:26.362568+00:00" hostname="agent-env-e89a6871-c299-4ffd-92e3-a0435e5886d2"><testcase classname="tests.test_iteration4_razorpay.TestSubscriptionPlans" name="test_plans_public_no_auth_required" time="0.300" /><testcase classname="tests.test_iteration4_razorpay.TestAuthRequired" name="test_create_order_requires_auth" time="0.128" /><testcase classname="tests.test_iteration4_razorpay.TestAuthRequired" name="test_verify_payment_requires_auth" time="0.123" /><testcase classname="tests.test_iteration4_razorpay.TestAuthRequired" name="test_activate_requires_auth" time="0.091" /><testcase classname="tests.test_iteration4_razorpay.TestCreateOrder" name="test_iron_man_create_order_success" time="1.385" /><testcase classname="tests.test_iteration4_razorpay.TestCreateOrder" name="test_client_create_order_success" time="0.822" /><testcase classname="tests.test_iteration4_razorpay.TestCreateOrder" name="test_create_order_role_mismatch" time="0.129" /><testcase classname="tests.test_iteration4_razorpay.TestCreateOrder" name="test_create_order_role_mismatch_client" time="0.094" /><testcase classname="tests.test_iteration4_razorpay.TestVerifyPayment" name="test_verify_invalid_signature" time="0.404" /><testcase classname="tests.test_iteration4_razorpay.TestVerifyPayment" name="test_verify_valid_signature_activates" time="0.459" /><testcase classname="tests.test_iteration4_razorpay.TestVerifyPayment" name="test_verify_idempotency" time="0.471" /><testcase classname="tests.test_iteration4_razorpay.TestVerifyPayment" name="test_verify_signature_failed_does_not_overwrite_paid" time="0.543" /><testcase classname="tests.test_iteration4_razorpay.TestVerifyPayment" name="test_verify_cross_user_attack" time="0.584" /><testcase classname="tests.test_iteration4_razorpay.TestLegacyActivateDisabled" name="test_activate_returns_400_when_razorpay_enabled" time="0.115" /></testsuite></testsuites>