<?xml version="1.0" encoding="utf-8"?><testsuites name="pytest tests"><testsuite name="pytest" errors="0" failures="0" skipped="0" tests="74" time="61.635" timestamp="2026-06-15T11:02:27.526255+00:00" hostname="agent-env-e89a6871-c299-4ffd-92e3-a0435e5886d2"><testcase classname="backend.tests.test_auth" name="test_health" time="0.159" /><testcase classname="backend.tests.test_auth" name="test_signup_iron_man_idempotent_or_login" time="0.367" /><testcase classname="backend.tests.test_auth" name="test_signup_client_idempotent_or_login" time="0.364" /><testcase classname="backend.tests.test_auth" name="test_signup_duplicate_phone_400" time="0.096" /><testcase classname="backend.tests.test_auth" name="test_login_wrong_password_401" time="0.319" /><testcase classname="backend.tests.test_auth" name="test_login_correct_returns_token_and_user" time="0.318" /><testcase classname="backend.tests.test_auth" name="test_get_me_with_bearer" time="0.097" /><testcase classname="backend.tests.test_auth" name="test_get_me_without_token_401" time="0.095" /><testcase classname="backend.tests.test_auth" name="test_autolink_client_on_signup" time="0.462" /><testcase classname="backend.tests.test_flows.TestClients" name="test_client_role_cannot_list_clients_403" time="0.101" /><testcase classname="backend.tests.test_flows.TestClients" name="test_iron_can_list_clients" time="0.096" /><testcase classname="backend.tests.test_flows.TestClients" name="test_add_client_links_to_existing_client_user" time="0.190" /><testcase classname="backend.tests.test_flows.TestClients" name="test_add_client_duplicate_400" time="0.182" /><testcase classname="backend.tests.test_flows.TestEntriesBillsReports" name="test_create_entry_totals_and_status_pending" time="0.304" /><testcase classname="backend.tests.test_flows.TestEntriesBillsReports" name="test_mark_returned_sets_date_and_status" time="0.258" /><testcase classname="backend.tests.test_flows.TestEntriesBillsReports" name="test_bills_generate_aggregation_and_paid" time="0.407" /><testcase classname="backend.tests.test_flows.TestEntriesBillsReports" name="test_reports_iron" time="0.193" /><testcase classname="backend.tests.test_flows.TestClientSide" name="test_client_sees_entries_via_linked_user_id" time="0.189" /><testcase classname="backend.tests.test_flows.TestClientSide" name="test_my_iron_men" time="0.100" /><testcase classname="backend.tests.test_flows.TestSubscription" name="test_plans" time="0.090" /><testcase classname="backend.tests.test_flows.TestSubscription" name="test_activate_for_iron" time="0.092" /><testcase classname="backend.tests.test_flows.TestSubscription" name="test_activate_wrong_plan_400" time="35.929" /><testcase classname="backend.tests.test_iteration2.TestDateGivenMonthKey" name="test_entry_month_key_uses_date_given" time="0.768" /><testcase classname="backend.tests.test_iteration2.TestDateGivenMonthKey" name="test_entry_defaults_to_current_month_when_no_date_given" time="0.310" /><testcase classname="backend.tests.test_iteration2.TestClientIdIntegrity" name="test_entry_goes_to_specified_client_not_signed_up" time="0.827" /><testcase classname="backend.tests.test_iteration2.TestClientIdIntegrity" name="test_entry_stays_with_original_client_after_other_signs_up" time="0.838" /><testcase classname="backend.tests.test_iteration2.TestEntriesReturnAllStatuses" name="test_iron_man_get_entries_returns_pending_and_returned" time="0.763" /><testcase classname="backend.tests.test_iteration2.TestLinkedUserPropagation" name="test_entry_carries_linked_user_id_when_client_already_signed_up" time="0.674" /><testcase classname="backend.tests.test_iteration3.TestTrial45Days" name="test_signup_trial_is_45_days_iron_man" time="0.321" /><testcase classname="backend.tests.test_iteration3.TestTrial45Days" name="test_signup_trial_is_45_days_client" time="0.325" /><testcase classname="backend.tests.test_iteration3.TestTrial45Days" name="test_subscription_plans_trial_days_45" time="0.100" /><testcase classname="backend.tests.test_iteration3.TestCarryForwardPartial" name="test_partial_payment_carries_to_next_month" time="1.108" /><testcase classname="backend.tests.test_iteration3.TestCarryForwardOverpaid" name="test_overpayment_credits_next_month" time="0.781" /><testcase classname="backend.tests.test_iteration3.TestMultiplePayments" name="test_two_partial_payments_settle_bill" time="0.868" /><testcase classname="backend.tests.test_iteration3.TestDeletePayment" name="test_delete_payment_recomputes_bill" time="0.942" /><testcase classname="backend.tests.test_iteration3.TestLegacyMarkPaid" name="test_mark_paid_true_then_false" time="0.802" /><testcase classname="backend.tests.test_iteration3.TestClientVisibilityAndAuth" name="test_linked_client_can_read_bill_and_payments" time="0.717" /><testcase classname="backend.tests.test_iteration3.TestClientVisibilityAndAuth" name="test_client_cannot_create_payment" time="0.480" /><testcase classname="backend.tests.test_iteration3.TestClientVisibilityAndAuth" name="test_client_cannot_delete_payment" time="0.687" /><testcase classname="backend.tests.test_iteration4_razorpay.TestSubscriptionPlans" name="test_plans_public_no_auth_required" time="0.091" /><testcase classname="backend.tests.test_iteration4_razorpay.TestAuthRequired" name="test_create_order_requires_auth" time="0.094" /><testcase classname="backend.tests.test_iteration4_razorpay.TestAuthRequired" name="test_verify_payment_requires_auth" time="0.093" /><testcase classname="backend.tests.test_iteration4_razorpay.TestAuthRequired" name="test_activate_requires_auth" time="0.090" /><testcase classname="backend.tests.test_iteration4_razorpay.TestCreateOrder" name="test_iron_man_create_order_success" time="0.420" /><testcase classname="backend.tests.test_iteration4_razorpay.TestCreateOrder" name="test_client_create_order_success" time="0.362" /><testcase classname="backend.tests.test_iteration4_razorpay.TestCreateOrder" name="test_create_order_role_mismatch" time="0.097" /><testcase classname="backend.tests.test_iteration4_razorpay.TestCreateOrder" name="test_create_order_role_mismatch_client" time="0.094" /><testcase classname="backend.tests.test_iteration4_razorpay.TestVerifyPayment" name="test_verify_invalid_signature" time="0.402" /><testcase classname="backend.tests.test_iteration4_razorpay.TestVerifyPayment" name="test_verify_valid_signature_activates" time="0.416" /><testcase classname="backend.tests.test_iteration4_razorpay.TestVerifyPayment" name="test_verify_idempotency" time="0.493" /><testcase classname="backend.tests.test_iteration4_razorpay.TestVerifyPayment" name="test_verify_signature_failed_does_not_overwrite_paid" time="0.437" /><testcase classname="backend.tests.test_iteration4_razorpay.TestVerifyPayment" name="test_verify_cross_user_attack" time="0.411" /><testcase classname="backend.tests.test_iteration4_razorpay.TestLegacyActivateDisabled" name="test_activate_returns_400_when_razorpay_enabled" time="0.100" /><testcase classname="backend.tests.test_iteration5.TestEntryLifecycleLinked" name="test_new_entry_creates_client_notification" time="1.037" /><testcase classname="backend.tests.test_iteration5.TestEntryLifecycleLinked" name="test_mark_returned_linked_goes_to_return_pending" time="0.192" /><testcase classname="backend.tests.test_iteration5.TestEntryLifecycleLinked" name="test_client_confirm_return" time="0.294" /><testcase classname="backend.tests.test_iteration5.TestEntryLifecycleLinked" name="test_client_deny_return" time="0.314" /><testcase classname="backend.tests.test_iteration5.TestEntryLifecycleUnlinked" name="test_unlinked_return_goes_directly_to_returned" time="0.417" /><testcase classname="backend.tests.test_iteration5.TestEntryLifecycleUnlinked" name="test_unlinked_delete_works" time="0.403" /><testcase classname="backend.tests.test_iteration5.TestEntryDeletionLinked" name="test_iron_cannot_delete_linked_entry" time="0.196" /><testcase classname="backend.tests.test_iteration5.TestEntryDeletionLinked" name="test_client_delete_request_creates_notification" time="0.194" /><testcase classname="backend.tests.test_iteration5.TestEntryDeletionLinked" name="test_iron_delete_confirm" time="0.303" /><testcase classname="backend.tests.test_iteration5.TestEntryDeletionLinked" name="test_iron_delete_deny" time="0.290" /><testcase classname="backend.tests.test_iteration5.TestEntryDeletionLinked" name="test_delete_confirm_requires_pending_request" time="0.195" /><testcase classname="backend.tests.test_iteration5.TestAuthorization" name="test_client_cannot_confirm_return_on_others_entry" time="0.294" /><testcase classname="backend.tests.test_iteration5.TestAuthorization" name="test_iron_cannot_act_on_other_irons_entry" time="0.199" /><testcase classname="backend.tests.test_iteration5.TestNotificationsEndpoints" name="test_list_notifications_sorted_desc_and_unread_count" time="0.495" /><testcase classname="backend.tests.test_iteration5.TestNotificationsEndpoints" name="test_mark_one_read" time="0.316" /><testcase classname="backend.tests.test_iteration5.TestNotificationsEndpoints" name="test_mark_all_read" time="0.416" /><testcase classname="backend.tests.test_iteration5.TestNotificationsEndpoints" name="test_mark_read_404_for_other_users_notification" time="0.292" /><testcase classname="backend.tests.test_iteration5.TestSubscriptionStatus" name="test_status_trial_when_both_in_future" time="0.115" /><testcase classname="backend.tests.test_iteration5.TestSubscriptionStatus" name="test_status_active_when_trial_past_sub_future" time="0.098" /><testcase classname="backend.tests.test_iteration5.TestSubscriptionStatus" name="test_status_expired_when_both_past" time="0.101" /><testcase classname="backend.tests.test_iteration5.TestSubscriptionStatus" name="test_teardown_restore_trial" time="0.001" /></testsuite></testsuites>