<?xml version="1.0" encoding="utf-8"?><testsuites name="pytest tests"><testsuite name="pytest" errors="0" failures="0" skipped="0" tests="28" time="8.643" timestamp="2026-06-15T07:57:08.560369+00:00" hostname="agent-env-e89a6871-c299-4ffd-92e3-a0435e5886d2"><testcase classname="tests.test_auth" name="test_health" time="0.094" /><testcase classname="tests.test_auth" name="test_signup_iron_man_idempotent_or_login" time="0.361" /><testcase classname="tests.test_auth" name="test_signup_client_idempotent_or_login" time="0.362" /><testcase classname="tests.test_auth" name="test_signup_duplicate_phone_400" time="0.126" /><testcase classname="tests.test_auth" name="test_login_wrong_password_401" time="0.320" /><testcase classname="tests.test_auth" name="test_login_correct_returns_token_and_user" time="0.321" /><testcase classname="tests.test_auth" name="test_get_me_with_bearer" time="0.092" /><testcase classname="tests.test_auth" name="test_get_me_without_token_401" time="0.100" /><testcase classname="tests.test_auth" name="test_autolink_client_on_signup" time="0.451" /><testcase classname="tests.test_flows.TestClients" name="test_client_role_cannot_list_clients_403" time="0.093" /><testcase classname="tests.test_flows.TestClients" name="test_iron_can_list_clients" time="0.098" /><testcase classname="tests.test_flows.TestClients" name="test_add_client_links_to_existing_client_user" time="0.188" /><testcase classname="tests.test_flows.TestClients" name="test_add_client_duplicate_400" time="0.256" /><testcase classname="tests.test_flows.TestEntriesBillsReports" name="test_create_entry_totals_and_status_pending" time="0.246" /><testcase classname="tests.test_flows.TestEntriesBillsReports" name="test_mark_returned_sets_date_and_status" time="0.240" /><testcase classname="tests.test_flows.TestEntriesBillsReports" name="test_bills_generate_aggregation_and_paid" time="0.413" /><testcase classname="tests.test_flows.TestEntriesBillsReports" name="test_reports_iron" time="0.187" /><testcase classname="tests.test_flows.TestClientSide" name="test_client_sees_entries_via_linked_user_id" time="0.179" /><testcase classname="tests.test_flows.TestClientSide" name="test_my_iron_men" time="0.094" /><testcase classname="tests.test_flows.TestSubscription" name="test_plans" time="0.092" /><testcase classname="tests.test_flows.TestSubscription" name="test_activate_for_iron" time="0.136" /><testcase classname="tests.test_flows.TestSubscription" name="test_activate_wrong_plan_400" time="0.094" /><testcase classname="tests.test_iteration2.TestDateGivenMonthKey" name="test_entry_month_key_uses_date_given" time="0.680" /><testcase classname="tests.test_iteration2.TestDateGivenMonthKey" name="test_entry_defaults_to_current_month_when_no_date_given" time="0.281" /><testcase classname="tests.test_iteration2.TestClientIdIntegrity" name="test_entry_goes_to_specified_client_not_signed_up" time="0.837" /><testcase classname="tests.test_iteration2.TestClientIdIntegrity" name="test_entry_stays_with_original_client_after_other_signs_up" time="0.829" /><testcase classname="tests.test_iteration2.TestEntriesReturnAllStatuses" name="test_iron_man_get_entries_returns_pending_and_returned" time="0.757" /><testcase classname="tests.test_iteration2.TestLinkedUserPropagation" name="test_entry_carries_linked_user_id_when_client_already_signed_up" time="0.672" /></testsuite></testsuites>