<?xml version="1.0" encoding="utf-8"?><testsuites name="pytest tests"><testsuite name="pytest" errors="0" failures="0" skipped="0" tests="11" time="8.457" timestamp="2026-06-15T08:34:10.969839+00:00" hostname="agent-env-e89a6871-c299-4ffd-92e3-a0435e5886d2"><testcase classname="tests.test_iteration3.TestTrial45Days" name="test_signup_trial_is_45_days_iron_man" time="0.487" /><testcase classname="tests.test_iteration3.TestTrial45Days" name="test_signup_trial_is_45_days_client" time="0.359" /><testcase classname="tests.test_iteration3.TestTrial45Days" name="test_subscription_plans_trial_days_45" time="0.458" /><testcase classname="tests.test_iteration3.TestCarryForwardPartial" name="test_partial_payment_carries_to_next_month" time="1.218" /><testcase classname="tests.test_iteration3.TestCarryForwardOverpaid" name="test_overpayment_credits_next_month" time="0.854" /><testcase classname="tests.test_iteration3.TestMultiplePayments" name="test_two_partial_payments_settle_bill" time="0.833" /><testcase classname="tests.test_iteration3.TestDeletePayment" name="test_delete_payment_recomputes_bill" time="0.983" /><testcase classname="tests.test_iteration3.TestLegacyMarkPaid" name="test_mark_paid_true_then_false" time="0.881" /><testcase classname="tests.test_iteration3.TestClientVisibilityAndAuth" name="test_linked_client_can_read_bill_and_payments" time="1.039" /><testcase classname="tests.test_iteration3.TestClientVisibilityAndAuth" name="test_client_cannot_create_payment" time="0.490" /><testcase classname="tests.test_iteration3.TestClientVisibilityAndAuth" name="test_client_cannot_delete_payment" time="0.718" /></testsuite></testsuites>