<?xml version="1.0" encoding="utf-8"?><testsuites name="pytest tests"><testsuite name="pytest" errors="0" failures="0" skipped="0" tests="21" time="7.014" timestamp="2026-06-15T10:59:10.066853+00:00" hostname="agent-env-e89a6871-c299-4ffd-92e3-a0435e5886d2"><testcase classname="backend.tests.test_iteration5.TestEntryLifecycleLinked" name="test_new_entry_creates_client_notification" time="1.440" /><testcase classname="backend.tests.test_iteration5.TestEntryLifecycleLinked" name="test_mark_returned_linked_goes_to_return_pending" time="0.233" /><testcase classname="backend.tests.test_iteration5.TestEntryLifecycleLinked" name="test_client_confirm_return" time="0.322" /><testcase classname="backend.tests.test_iteration5.TestEntryLifecycleLinked" name="test_client_deny_return" time="0.306" /><testcase classname="backend.tests.test_iteration5.TestEntryLifecycleUnlinked" name="test_unlinked_return_goes_directly_to_returned" time="0.438" /><testcase classname="backend.tests.test_iteration5.TestEntryLifecycleUnlinked" name="test_unlinked_delete_works" time="0.383" /><testcase classname="backend.tests.test_iteration5.TestEntryDeletionLinked" name="test_iron_cannot_delete_linked_entry" time="0.188" /><testcase classname="backend.tests.test_iteration5.TestEntryDeletionLinked" name="test_client_delete_request_creates_notification" time="0.189" /><testcase classname="backend.tests.test_iteration5.TestEntryDeletionLinked" name="test_iron_delete_confirm" time="0.300" /><testcase classname="backend.tests.test_iteration5.TestEntryDeletionLinked" name="test_iron_delete_deny" time="0.307" /><testcase classname="backend.tests.test_iteration5.TestEntryDeletionLinked" name="test_delete_confirm_requires_pending_request" time="0.189" /><testcase classname="backend.tests.test_iteration5.TestAuthorization" name="test_client_cannot_confirm_return_on_others_entry" time="0.293" /><testcase classname="backend.tests.test_iteration5.TestAuthorization" name="test_iron_cannot_act_on_other_irons_entry" time="0.228" /><testcase classname="backend.tests.test_iteration5.TestNotificationsEndpoints" name="test_list_notifications_sorted_desc_and_unread_count" time="0.583" /><testcase classname="backend.tests.test_iteration5.TestNotificationsEndpoints" name="test_mark_one_read" time="0.391" /><testcase classname="backend.tests.test_iteration5.TestNotificationsEndpoints" name="test_mark_all_read" time="0.395" /><testcase classname="backend.tests.test_iteration5.TestNotificationsEndpoints" name="test_mark_read_404_for_other_users_notification" time="0.364" /><testcase classname="backend.tests.test_iteration5.TestSubscriptionStatus" name="test_status_trial_when_both_in_future" time="0.100" /><testcase classname="backend.tests.test_iteration5.TestSubscriptionStatus" name="test_status_active_when_trial_past_sub_future" time="0.110" /><testcase classname="backend.tests.test_iteration5.TestSubscriptionStatus" name="test_status_expired_when_both_past" time="0.109" /><testcase classname="backend.tests.test_iteration5.TestSubscriptionStatus" name="test_teardown_restore_trial" time="0.001" /></testsuite></testsuites>