<?xml version="1.0" encoding="utf-8"?><testsuites name="pytest tests"><testsuite name="pytest" errors="0" failures="0" skipped="0" tests="22" time="4.951" timestamp="2026-06-15T07:09:50.513882+00:00" hostname="agent-env-e89a6871-c299-4ffd-92e3-a0435e5886d2"><testcase classname="backend.tests.test_auth" name="test_health" time="0.284" /><testcase classname="backend.tests.test_auth" name="test_signup_iron_man_idempotent_or_login" time="0.433" /><testcase classname="backend.tests.test_auth" name="test_signup_client_idempotent_or_login" time="0.378" /><testcase classname="backend.tests.test_auth" name="test_signup_duplicate_phone_400" time="0.102" /><testcase classname="backend.tests.test_auth" name="test_login_wrong_password_401" time="0.318" /><testcase classname="backend.tests.test_auth" name="test_login_correct_returns_token_and_user" time="0.323" /><testcase classname="backend.tests.test_auth" name="test_get_me_with_bearer" time="0.100" /><testcase classname="backend.tests.test_auth" name="test_get_me_without_token_401" time="0.129" /><testcase classname="backend.tests.test_auth" name="test_autolink_client_on_signup" time="0.492" /><testcase classname="backend.tests.test_flows.TestClients" name="test_client_role_cannot_list_clients_403" time="0.095" /><testcase classname="backend.tests.test_flows.TestClients" name="test_iron_can_list_clients" time="0.096" /><testcase classname="backend.tests.test_flows.TestClients" name="test_add_client_links_to_existing_client_user" time="0.142" /><testcase classname="backend.tests.test_flows.TestClients" name="test_add_client_duplicate_400" time="0.227" /><testcase classname="backend.tests.test_flows.TestEntriesBillsReports" name="test_create_entry_totals_and_status_pending" time="0.236" /><testcase classname="backend.tests.test_flows.TestEntriesBillsReports" name="test_mark_returned_sets_date_and_status" time="0.236" /><testcase classname="backend.tests.test_flows.TestEntriesBillsReports" name="test_bills_generate_aggregation_and_paid" time="0.397" /><testcase classname="backend.tests.test_flows.TestEntriesBillsReports" name="test_reports_iron" time="0.254" /><testcase classname="backend.tests.test_flows.TestClientSide" name="test_client_sees_entries_via_linked_user_id" time="0.183" /><testcase classname="backend.tests.test_flows.TestClientSide" name="test_my_iron_men" time="0.098" /><testcase classname="backend.tests.test_flows.TestSubscription" name="test_plans" time="0.096" /><testcase classname="backend.tests.test_flows.TestSubscription" name="test_activate_for_iron" time="0.138" /><testcase classname="backend.tests.test_flows.TestSubscription" name="test_activate_wrong_plan_400" time="0.135" /></testsuite></testsuites>