<?xml version="1.0" encoding="utf-8"?><testsuites name="pytest tests"><testsuite name="pytest" errors="0" failures="0" skipped="0" tests="59" time="14.530" timestamp="2026-06-15T12:48:01.322740+00:00" hostname="agent-env-e89a6871-c299-4ffd-92e3-a0435e5886d2"><testcase classname="tests.test_iteration7_regression.TestRoot" name="test_root" time="0.636" /><testcase classname="tests.test_iteration7_regression.TestAuth" name="test_signup_new" time="0.578" /><testcase classname="tests.test_iteration7_regression.TestAuth" name="test_signup_idempotent_400" time="0.143" /><testcase classname="tests.test_iteration7_regression.TestAuth" name="test_login_correct" time="0.325" /><testcase classname="tests.test_iteration7_regression.TestAuth" name="test_login_wrong" time="0.357" /><testcase classname="tests.test_iteration7_regression.TestAuth" name="test_me_without_token" time="0.155" /><testcase classname="tests.test_iteration7_regression.TestAuth" name="test_me_with_token" time="0.103" /><testcase classname="tests.test_iteration7_regression.TestAuth" name="test_security_questions" time="0.102" /><testcase classname="tests.test_iteration7_regression.TestAuth" name="test_forgot_password_valid" time="0.128" /><testcase classname="tests.test_iteration7_regression.TestAuth" name="test_forgot_password_nonexistent" time="0.100" /><testcase classname="tests.test_iteration7_regression.TestAuth" name="test_reset_password_wrong_answer" time="0.327" /><testcase classname="tests.test_iteration7_regression.TestAuth" name="test_reset_password_right_then_restore" time="1.441" /><testcase classname="tests.test_iteration7_regression.TestAdmin" name="test_admin_login_wrong" time="0.095" /><testcase classname="tests.test_iteration7_regression.TestAdmin" name="test_admin_login_right" time="0.105" /><testcase classname="tests.test_iteration7_regression.TestAdmin" name="test_admin_users_missing_token" time="0.102" /><testcase classname="tests.test_iteration7_regression.TestAdmin" name="test_admin_users_invalid_token" time="0.104" /><testcase classname="tests.test_iteration7_regression.TestAdmin" name="test_admin_users_no_q" time="0.100" /><testcase classname="tests.test_iteration7_regression.TestAdmin" name="test_admin_users_with_q" time="0.097" /><testcase classname="tests.test_iteration7_regression.TestAdmin" name="test_admin_reset_then_restore" time="1.136" /><testcase classname="tests.test_iteration7_regression.TestClients" name="test_list_initial" time="0.099" /><testcase classname="tests.test_iteration7_regression.TestClients" name="test_add_unlinked" time="0.136" /><testcase classname="tests.test_iteration7_regression.TestClients" name="test_add_linked" time="0.106" /><testcase classname="tests.test_iteration7_regression.TestClients" name="test_add_duplicate_400" time="0.097" /><testcase classname="tests.test_iteration7_regression.TestClients" name="test_get_one" time="0.107" /><testcase classname="tests.test_iteration7_regression.TestClients" name="test_patch" time="0.103" /><testcase classname="tests.test_iteration7_regression.TestClients" name="test_delete_linked_returns_403" time="0.098" /><testcase classname="tests.test_iteration7_regression.TestClients" name="test_delete_request_then_deny" time="0.555" /><testcase classname="tests.test_iteration7_regression.TestEntries" name="test_create_unlinked" time="0.099" /><testcase classname="tests.test_iteration7_regression.TestEntries" name="test_create_linked" time="0.096" /><testcase classname="tests.test_iteration7_regression.TestEntries" name="test_list_filter_client" time="0.098" /><testcase classname="tests.test_iteration7_regression.TestEntries" name="test_list_status_filter" time="0.096" /><testcase classname="tests.test_iteration7_regression.TestEntries" name="test_list_month_filter" time="0.142" /><testcase classname="tests.test_iteration7_regression.TestEntries" name="test_return_unlinked_direct" time="0.213" /><testcase classname="tests.test_iteration7_regression.TestEntries" name="test_return_linked_then_confirm" time="0.297" /><testcase classname="tests.test_iteration7_regression.TestEntries" name="test_return_linked_then_deny" time="0.310" /><testcase classname="tests.test_iteration7_regression.TestEntries" name="test_delete_linked_returns_403" time="0.103" /><testcase classname="tests.test_iteration7_regression.TestEntries" name="test_delete_request_then_deny" time="0.211" /><testcase classname="tests.test_iteration7_regression.TestEntries" name="test_delete_request_then_confirm" time="0.293" /><testcase classname="tests.test_iteration7_regression.TestNotifications" name="test_list" time="0.105" /><testcase classname="tests.test_iteration7_regression.TestNotifications" name="test_unread_count" time="0.099" /><testcase classname="tests.test_iteration7_regression.TestNotifications" name="test_mark_read_one" time="0.207" /><testcase classname="tests.test_iteration7_regression.TestNotifications" name="test_read_all" time="0.097" /><testcase classname="tests.test_iteration7_regression.TestBills" name="test_generate" time="0.108" /><testcase classname="tests.test_iteration7_regression.TestBills" name="test_list_iron" time="0.115" /><testcase classname="tests.test_iteration7_regression.TestBills" name="test_list_client" time="0.371" /><testcase classname="tests.test_iteration7_regression.TestBills" name="test_record_payment" time="0.104" /><testcase classname="tests.test_iteration7_regression.TestBills" name="test_list_payments_iron" time="0.104" /><testcase classname="tests.test_iteration7_regression.TestBills" name="test_list_payments_client" time="0.096" /><testcase classname="tests.test_iteration7_regression.TestBills" name="test_delete_payment_recomputes" time="0.206" /><testcase classname="tests.test_iteration7_regression.TestBills" name="test_mark_paid_legacy_true_then_false" time="0.197" /><testcase classname="tests.test_iteration7_regression.TestCarryForward" name="test_carry_forward" time="0.719" /><testcase classname="tests.test_iteration7_regression.TestReports" name="test_monthly" time="0.111" /><testcase classname="tests.test_iteration7_regression.TestReports" name="test_yearly" time="0.099" /><testcase classname="tests.test_iteration7_regression.TestReports" name="test_by_client" time="0.103" /><testcase classname="tests.test_iteration7_regression.TestSubscription" name="test_plans" time="0.106" /><testcase classname="tests.test_iteration7_regression.TestSubscription" name="test_create_order" time="0.954" /><testcase classname="tests.test_iteration7_regression.TestSubscription" name="test_verify_payment_invalid_signature" time="0.446" /><testcase classname="tests.test_iteration7_regression.TestSubscription" name="test_activate_returns_400_when_razorpay_on" time="0.094" /><testcase classname="tests.test_iteration7_regression.TestMisc" name="test_my_iron_men" time="0.600" /></testsuite></testsuites>