<?xml version="1.0" encoding="utf-8"?><testsuites name="pytest tests"><testsuite name="pytest" errors="0" failures="0" skipped="0" tests="53" time="28.348" timestamp="2026-06-15T09:33:21.378345+00:00" hostname="agent-env-e89a6871-c299-4ffd-92e3-a0435e5886d2"><testcase classname="tests.test_auth" name="test_health" time="0.163" /><testcase classname="tests.test_auth" name="test_signup_iron_man_idempotent_or_login" time="0.694" /><testcase classname="tests.test_auth" name="test_signup_client_idempotent_or_login" time="0.550" /><testcase classname="tests.test_auth" name="test_signup_duplicate_phone_400" time="0.148" /><testcase classname="tests.test_auth" name="test_login_wrong_password_401" time="0.615" /><testcase classname="tests.test_auth" name="test_login_correct_returns_token_and_user" time="0.620" /><testcase classname="tests.test_auth" name="test_get_me_with_bearer" time="0.152" /><testcase classname="tests.test_auth" name="test_get_me_without_token_401" time="0.163" /><testcase classname="tests.test_auth" name="test_autolink_client_on_signup" time="0.645" /><testcase classname="tests.test_flows.TestClients" name="test_client_role_cannot_list_clients_403" time="0.152" /><testcase classname="tests.test_flows.TestClients" name="test_iron_can_list_clients" time="0.210" /><testcase classname="tests.test_flows.TestClients" name="test_add_client_links_to_existing_client_user" time="0.293" /><testcase classname="tests.test_flows.TestClients" name="test_add_client_duplicate_400" time="0.278" /><testcase classname="tests.test_flows.TestEntriesBillsReports" name="test_create_entry_totals_and_status_pending" time="0.320" /><testcase classname="tests.test_flows.TestEntriesBillsReports" name="test_mark_returned_sets_date_and_status" time="0.440" /><testcase classname="tests.test_flows.TestEntriesBillsReports" name="test_bills_generate_aggregation_and_paid" time="0.536" /><testcase classname="tests.test_flows.TestEntriesBillsReports" name="test_reports_iron" time="0.267" /><testcase classname="tests.test_flows.TestClientSide" name="test_client_sees_entries_via_linked_user_id" time="0.219" /><testcase classname="tests.test_flows.TestClientSide" name="test_my_iron_men" time="0.144" /><testcase classname="tests.test_flows.TestSubscription" name="test_plans" time="0.103" /><testcase classname="tests.test_flows.TestSubscription" name="test_activate_for_iron" time="0.150" /><testcase classname="tests.test_flows.TestSubscription" name="test_activate_wrong_plan_400" time="0.144" /><testcase classname="tests.test_iteration2.TestDateGivenMonthKey" name="test_entry_month_key_uses_date_given" time="1.057" /><testcase classname="tests.test_iteration2.TestDateGivenMonthKey" name="test_entry_defaults_to_current_month_when_no_date_given" time="0.418" /><testcase classname="tests.test_iteration2.TestClientIdIntegrity" name="test_entry_goes_to_specified_client_not_signed_up" time="1.231" /><testcase classname="tests.test_iteration2.TestClientIdIntegrity" name="test_entry_stays_with_original_client_after_other_signs_up" time="1.793" /><testcase classname="tests.test_iteration2.TestEntriesReturnAllStatuses" name="test_iron_man_get_entries_returns_pending_and_returned" time="1.477" /><testcase classname="tests.test_iteration2.TestLinkedUserPropagation" name="test_entry_carries_linked_user_id_when_client_already_signed_up" time="1.906" /><testcase classname="tests.test_iteration3.TestTrial45Days" name="test_signup_trial_is_45_days_iron_man" time="0.319" /><testcase classname="tests.test_iteration3.TestTrial45Days" name="test_signup_trial_is_45_days_client" time="0.351" /><testcase classname="tests.test_iteration3.TestTrial45Days" name="test_subscription_plans_trial_days_45" time="0.094" /><testcase classname="tests.test_iteration3.TestCarryForwardPartial" name="test_partial_payment_carries_to_next_month" time="1.135" /><testcase classname="tests.test_iteration3.TestCarryForwardOverpaid" name="test_overpayment_credits_next_month" time="0.791" /><testcase classname="tests.test_iteration3.TestMultiplePayments" name="test_two_partial_payments_settle_bill" time="2.575" /><testcase classname="tests.test_iteration3.TestDeletePayment" name="test_delete_payment_recomputes_bill" time="0.935" /><testcase classname="tests.test_iteration3.TestLegacyMarkPaid" name="test_mark_paid_true_then_false" time="0.802" /><testcase classname="tests.test_iteration3.TestClientVisibilityAndAuth" name="test_linked_client_can_read_bill_and_payments" time="0.689" /><testcase classname="tests.test_iteration3.TestClientVisibilityAndAuth" name="test_client_cannot_create_payment" time="0.464" /><testcase classname="tests.test_iteration3.TestClientVisibilityAndAuth" name="test_client_cannot_delete_payment" time="0.703" /><testcase classname="tests.test_iteration4_razorpay.TestSubscriptionPlans" name="test_plans_public_no_auth_required" time="0.101" /><testcase classname="tests.test_iteration4_razorpay.TestAuthRequired" name="test_create_order_requires_auth" time="0.095" /><testcase classname="tests.test_iteration4_razorpay.TestAuthRequired" name="test_verify_payment_requires_auth" time="0.099" /><testcase classname="tests.test_iteration4_razorpay.TestAuthRequired" name="test_activate_requires_auth" time="0.096" /><testcase classname="tests.test_iteration4_razorpay.TestCreateOrder" name="test_iron_man_create_order_success" time="0.903" /><testcase classname="tests.test_iteration4_razorpay.TestCreateOrder" name="test_client_create_order_success" time="0.360" /><testcase classname="tests.test_iteration4_razorpay.TestCreateOrder" name="test_create_order_role_mismatch" time="0.117" /><testcase classname="tests.test_iteration4_razorpay.TestCreateOrder" name="test_create_order_role_mismatch_client" time="0.093" /><testcase classname="tests.test_iteration4_razorpay.TestVerifyPayment" name="test_verify_invalid_signature" time="0.424" /><testcase classname="tests.test_iteration4_razorpay.TestVerifyPayment" name="test_verify_valid_signature_activates" time="0.473" /><testcase classname="tests.test_iteration4_razorpay.TestVerifyPayment" name="test_verify_idempotency" time="0.440" /><testcase classname="tests.test_iteration4_razorpay.TestVerifyPayment" name="test_verify_signature_failed_does_not_overwrite_paid" time="0.447" /><testcase classname="tests.test_iteration4_razorpay.TestVerifyPayment" name="test_verify_cross_user_attack" time="0.436" /><testcase classname="tests.test_iteration4_razorpay.TestLegacyActivateDisabled" name="test_activate_returns_400_when_razorpay_enabled" time="0.090" /></testsuite></testsuites>